<?xml version="1.0" encoding="UTF-8"?>
<testsuite xmlns:xsi="http://www.w3.org/2001/XMLSchema-instance" xsi:noNamespaceSchemaLocation="https://maven.apache.org/surefire/maven-surefire-plugin/xsd/surefire-test-report.xsd" name="com.pcariou.reader.AppTest" time="0.03" tests="1" errors="0" skipped="0" failures="0">
  <properties>
    <property name="java.specification.version" value="17"/>
    <property name="sun.jnu.encoding" value="UTF-8"/>
    <property name="java.class.path" value="/home/pcariou7/code/sepa/service/target/test-classes:/home/pcariou7/code/sepa/service/target/classes:/home/pcariou7/.m2/repository/junit/junit/4.11/junit-4.11.jar:/home/pcariou7/.m2/repository/org/hamcrest/hamcrest-core/1.3/hamcrest-core-1.3.jar:/home/pcariou7/code/sepa/model/target/model-1.0.jar:/home/pcariou7/.m2/repository/com/opencsv/opencsv/5.3/opencsv-5.3.jar:/home/pcariou7/.m2/repository/org/apache/commons/commons-lang3/3.11/commons-lang3-3.11.jar:/home/pcariou7/.m2/repository/org/apache/commons/commons-text/1.9/commons-text-1.9.jar:/home/pcariou7/.m2/repository/commons-beanutils/commons-beanutils/1.9.4/commons-beanutils-1.9.4.jar:/home/pcariou7/.m2/repository/commons-logging/commons-logging/1.2/commons-logging-1.2.jar:/home/pcariou7/.m2/repository/commons-collections/commons-collections/3.2.2/commons-collections-3.2.2.jar:/home/pcariou7/.m2/repository/org/apache/commons/commons-collections4/4.4/commons-collections4-4.4.jar:/home/pcariou7/.m2/repository/javax/xml/bind/jaxb-api/2.3.1/jaxb-api-2.3.1.jar:/home/pcariou7/.m2/repository/javax/activation/javax.activation-api/1.2.0/javax.activation-api-1.2.0.jar:/home/pcariou7/.m2/repository/javax/activation/activation/1.1.1/activation-1.1.1.jar:/home/pcariou7/.m2/repository/org/glassfish/jaxb/jaxb-runtime/2.3.0/jaxb-runtime-2.3.0.jar:/home/pcariou7/.m2/repository/org/glassfish/jaxb/jaxb-core/2.3.0/jaxb-core-2.3.0.jar:/home/pcariou7/.m2/repository/org/glassfish/jaxb/txw2/2.3.0/txw2-2.3.0.jar:/home/pcariou7/.m2/repository/com/sun/istack/istack-commons-runtime/3.0.5/istack-commons-runtime-3.0.5.jar:/home/pcariou7/.m2/repository/org/jvnet/staxex/stax-ex/1.7.8/stax-ex-1.7.8.jar:/home/pcariou7/.m2/repository/com/sun/xml/fastinfoset/FastInfoset/1.2.13/FastInfoset-1.2.13.jar:/home/pcariou7/.m2/repository/javax/validation/validation-api/2.0.1.Final/validation-api-2.0.1.Final.jar:/home/pcariou7/.m2/repository/org/hibernate/validator/hibernate-validator/6.0.13.Final/hibernate-validator-6.0.13.Final.jar:/home/pcariou7/.m2/repository/org/jboss/logging/jboss-logging/3.3.2.Final/jboss-logging-3.3.2.Final.jar:/home/pcariou7/.m2/repository/com/fasterxml/classmate/1.3.4/classmate-1.3.4.jar:/home/pcariou7/.m2/repository/org/glassfish/javax.el/3.0.0/javax.el-3.0.0.jar:/home/pcariou7/.m2/repository/javax/el/javax.el-api/3.0.0/javax.el-api-3.0.0.jar:/home/pcariou7/.m2/repository/commons-io/commons-io/2.4/commons-io-2.4.jar:/home/pcariou7/.m2/repository/com/googlecode/json-simple/json-simple/1.1.1/json-simple-1.1.1.jar:"/>
    <property name="java.vm.vendor" value="Oracle Corporation"/>
    <property name="sun.arch.data.model" value="64"/>
    <property name="java.vendor.url" value="https://java.oracle.com/"/>
    <property name="os.name" value="Linux"/>
    <property name="java.vm.specification.version" value="17"/>
    <property name="sun.java.launcher" value="SUN_STANDARD"/>
    <property name="user.country" value="US"/>
    <property name="sun.boot.library.path" value="/usr/lib/jvm/jdk-17/lib"/>
    <property name="sun.java.command" value="/home/pcariou7/code/sepa/service/target/surefire/surefirebooter8727881529852488838.jar /home/pcariou7/code/sepa/service/target/surefire 2023-01-02T20-45-02_513-jvmRun1 surefire17911126045362576495tmp surefire_116396021865299691249tmp"/>
    <property name="jdk.debug" value="release"/>
    <property name="surefire.test.class.path" value="/home/pcariou7/code/sepa/service/target/test-classes:/home/pcariou7/code/sepa/service/target/classes:/home/pcariou7/.m2/repository/junit/junit/4.11/junit-4.11.jar:/home/pcariou7/.m2/repository/org/hamcrest/hamcrest-core/1.3/hamcrest-core-1.3.jar:/home/pcariou7/code/sepa/model/target/model-1.0.jar:/home/pcariou7/.m2/repository/com/opencsv/opencsv/5.3/opencsv-5.3.jar:/home/pcariou7/.m2/repository/org/apache/commons/commons-lang3/3.11/commons-lang3-3.11.jar:/home/pcariou7/.m2/repository/org/apache/commons/commons-text/1.9/commons-text-1.9.jar:/home/pcariou7/.m2/repository/commons-beanutils/commons-beanutils/1.9.4/commons-beanutils-1.9.4.jar:/home/pcariou7/.m2/repository/commons-logging/commons-logging/1.2/commons-logging-1.2.jar:/home/pcariou7/.m2/repository/commons-collections/commons-collections/3.2.2/commons-collections-3.2.2.jar:/home/pcariou7/.m2/repository/org/apache/commons/commons-collections4/4.4/commons-collections4-4.4.jar:/home/pcariou7/.m2/repository/javax/xml/bind/jaxb-api/2.3.1/jaxb-api-2.3.1.jar:/home/pcariou7/.m2/repository/javax/activation/javax.activation-api/1.2.0/javax.activation-api-1.2.0.jar:/home/pcariou7/.m2/repository/javax/activation/activation/1.1.1/activation-1.1.1.jar:/home/pcariou7/.m2/repository/org/glassfish/jaxb/jaxb-runtime/2.3.0/jaxb-runtime-2.3.0.jar:/home/pcariou7/.m2/repository/org/glassfish/jaxb/jaxb-core/2.3.0/jaxb-core-2.3.0.jar:/home/pcariou7/.m2/repository/org/glassfish/jaxb/txw2/2.3.0/txw2-2.3.0.jar:/home/pcariou7/.m2/repository/com/sun/istack/istack-commons-runtime/3.0.5/istack-commons-runtime-3.0.5.jar:/home/pcariou7/.m2/repository/org/jvnet/staxex/stax-ex/1.7.8/stax-ex-1.7.8.jar:/home/pcariou7/.m2/repository/com/sun/xml/fastinfoset/FastInfoset/1.2.13/FastInfoset-1.2.13.jar:/home/pcariou7/.m2/repository/javax/validation/validation-api/2.0.1.Final/validation-api-2.0.1.Final.jar:/home/pcariou7/.m2/repository/org/hibernate/validator/hibernate-validator/6.0.13.Final/hibernate-validator-6.0.13.Final.jar:/home/pcariou7/.m2/repository/org/jboss/logging/jboss-logging/3.3.2.Final/jboss-logging-3.3.2.Final.jar:/home/pcariou7/.m2/repository/com/fasterxml/classmate/1.3.4/classmate-1.3.4.jar:/home/pcariou7/.m2/repository/org/glassfish/javax.el/3.0.0/javax.el-3.0.0.jar:/home/pcariou7/.m2/repository/javax/el/javax.el-api/3.0.0/javax.el-api-3.0.0.jar:/home/pcariou7/.m2/repository/commons-io/commons-io/2.4/commons-io-2.4.jar:/home/pcariou7/.m2/repository/com/googlecode/json-simple/json-simple/1.1.1/json-simple-1.1.1.jar:"/>
    <property name="sun.cpu.endian" value="little"/>
    <property name="user.home" value="/home/pcariou7"/>
    <property name="user.language" value="en"/>
    <property name="java.specification.vendor" value="Oracle Corporation"/>
    <property name="java.version.date" value="2022-08-18"/>
    <property name="java.home" value="/usr/lib/jvm/jdk-17"/>
    <property name="file.separator" value="/"/>
    <property name="basedir" value="/home/pcariou7/code/sepa/service"/>
    <property name="java.vm.compressedOopsMode" value="32-bit"/>
    <property name="line.separator" value="&#10;"/>
    <property name="java.vm.specification.vendor" value="Oracle Corporation"/>
    <property name="java.specification.name" value="Java Platform API Specification"/>
    <property name="surefire.real.class.path" value="/home/pcariou7/code/sepa/service/target/surefire/surefirebooter8727881529852488838.jar"/>
    <property name="sun.management.compiler" value="HotSpot 64-Bit Tiered Compilers"/>
    <property name="java.runtime.version" value="17.0.4.1+1-LTS-2"/>
    <property name="user.name" value="pcariou7"/>
    <property name="path.separator" value=":"/>
    <property name="os.version" value="5.15.0-1023-gke"/>
    <property name="java.runtime.name" value="Java(TM) SE Runtime Environment"/>
    <property name="file.encoding" value="UTF-8"/>
    <property name="java.vm.name" value="Java HotSpot(TM) 64-Bit Server VM"/>
    <property name="localRepository" value="/home/pcariou7/.m2/repository"/>
    <property name="java.vendor.url.bug" value="https://bugreport.java.com/bugreport/"/>
    <property name="java.io.tmpdir" value="/tmp"/>
    <property name="java.version" value="17.0.4.1"/>
    <property name="user.dir" value="/home/pcariou7/code/sepa/service"/>
    <property name="os.arch" value="amd64"/>
    <property name="java.vm.specification.name" value="Java Virtual Machine Specification"/>
    <property name="native.encoding" value="UTF-8"/>
    <property name="java.library.path" value="/usr/java/packages/lib:/usr/lib64:/lib64:/lib:/usr/lib"/>
    <property name="java.vm.info" value="mixed mode, sharing"/>
    <property name="java.vendor" value="Oracle Corporation"/>
    <property name="java.vm.version" value="17.0.4.1+1-LTS-2"/>
    <property name="sun.io.unicode.encoding" value="UnicodeLittle"/>
    <property name="java.class.version" value="61.0"/>
  </properties>
  <testcase name="shouldAnswerWithTrue" classname="com.pcariou.reader.AppTest" time="0"/>
</testsuite>